<?xml version="1.0" encoding="UTF-8" ?>
<testsuites>
 <testsuite name="test_script" package="DEMO_Retails_WebApp.suite" timestamp="2022-03-15 13:12:46.659 +0000"
 tests="1"  failures="1" errors="1" time="24.946003">
  <properties>
   <property name="RunDate" value="2022-03-15 13:12:46.659 +0000"/>
   <property name="Status" value="Failure"/>
  </properties>
  <testcase name="test.script" assertions="1" status="error"  time="24.939425">
    <failure type="FAILURE" message="Image Not Found: waitfor Error - Unable To Find Any Image On Screen &quot;Refresh&quot; within 20.00 seconds -- Execution Time 0:00:24 test.script" />
    <error type="Exception" message="Unable To Find Any Image On Screen &quot;Refresh&quot; within 20.00 seconds" />
  </testcase>
 </testsuite>
</testsuites>
